Arguments: 
  C:\Program Files\nodejs\node.exe C:\Program Files (x86)\Yarn\bin\yarn.js add @frontendmasters/pet

PATH: 
  C:\Program Files\nodejs\node_modules\npm\node_modules\npm-lifecycle\node-gyp-bin;C:\Users\Scelloo\Documents\Personal\ReactTutorial\node_modules\.bin;C:\Program Files\Git\mingw64\bin;C:\Program Files\Git\usr\bin;C:\Users\Scelloo\bin;C:\WINDOWS\system32;C:\WINDOWS;C:\WINDOWS\System32\Wbem;C:\WINDOWS\System32\WindowsPowerShell\v1.0;C:\WINDOWS\System32\OpenSSH;C:\ProgramData\chocolatey\bin;C:\Program Files\Git\cmd;C:\Program Files\dotnet;C:\Program Files (x86)\Yarn\bin;C:\Program Files\Amazon\AWSCLI\bin;C:\Program Files\MongoDB\Server\4.0\bin;C:\Program Files\nodejs;C:\Program Files\Java\jdk1.8.0_221\bin;C:\Users\Scelloo\AppData\Local\Programs\Python\Python37\Scripts;C:\Users\Scelloo\AppData\Local\Programs\Python\Python37;C:\Users\Scelloo\AppData\Local\Microsoft\WindowsApps;C:\Users\Scelloo\AppData\Local\Yarn\bin;C:\Program Files\JetBrains\DataGrip 2018.3.3\bin;C:\Users\Scelloo\AppData\Local\Programs\Microsoft VS Code Insiders\bin;C:\Users\Scelloo\AppData\Roaming\npm

Yarn version: 
  1.13.0

Node version: 
  12.9.1

Platform: 
  win32 x64

Trace: 
  Error: EPERM: operation not permitted, unlink 'C:\Users\Scelloo\Documents\Personal\ReactTutorial\node_modules\deasync\bin\win32-x64-node-12\deasync.node'

npm manifest: 
  {
    "name": "react-tutorial",
    "version": "1.0.0",
    "description": "React Training",
    "main": "app.js",
    "scripts": {
      "dev": "parcel src/index.html",
      "format": "prettier --write \"src/**/*.{js,jsx}\"",
      "lint": "eslint \"src/**/*.{js,jsx}\" --quiet",
      "test": "echo \"Error: no test specified\" && exit 1"
    },
    "keywords": [],
    "author": "olamiposi => olamiposi.olorunsola@gmail.com",
    "license": "ISC",
    "devDependencies": {
      "babel-eslint": "^10.1.0",
      "eslint": "^6.8.0",
      "eslint-config-prettier": "^6.10.1",
      "eslint-plugin-import": "^2.20.2",
      "eslint-plugin-jsx-a11y": "^6.2.3",
      "eslint-plugin-react": "^7.19.0",
      "eslint-plugin-react-hooks": "^3.0.0",
      "parcel-bundler": "^1.12.4",
      "prettier": "^2.0.2"
    },
    "dependencies": {
      "react": "^16.13.1",
      "react-dom": "^16.13.1"
    }
  }

yarn manifest: 
  No manifest

Lockfile: 
  No lockfile
